<?xml version="1.0" encoding="UTF-8"?>
<testsuite name="com.axxes.testp.CollectionUtilsTest" tests="1" skipped="0" failures="0" errors="0" timestamp="2015-09-01T13:56:47" hostname="L-CND5095CTL" time="0.002">
  <properties/>
  <testcase name="testSum" classname="com.axxes.testp.CollectionUtilsTest" time="0.002"/>
  <system-out><![CDATA[]]></system-out>
  <system-err><![CDATA[]]></system-err>
</testsuite>
